2026-03-14 13:04:41,920  INFO  Scraping player index...
2026-03-14 13:04:45,717  WARNING  Attempt 1 failed for https://www.basketball-reference.com/players/a/: 403 Client Error: Forbidden for url: https://www.basketball-reference.com/players/a/
2026-03-14 13:04:56,472  WARNING  Attempt 2 failed for https://www.basketball-reference.com/players/a/: 403 Client Error: Forbidden for url: https://www.basketball-reference.com/players/a/
2026-03-14 13:05:07,212  WARNING  Attempt 3 failed for https://www.basketball-reference.com/players/a/: 403 Client Error: Forbidden for url: https://www.basketball-reference.com/players/a/
2026-03-14 13:08:11,447  INFO  Scraping player index...
2026-03-14 13:08:17,701  WARNING  Attempt 1 failed for https://www.basketball-reference.com/players/a/: 403 Client Error: Forbidden for url: https://www.basketball-reference.com/players/a/
2026-03-14 13:08:35,943  WARNING  Attempt 2 failed for https://www.basketball-reference.com/players/a/: 403 Client Error: Forbidden for url: https://www.basketball-reference.com/players/a/
2026-03-14 13:12:31,117  INFO  Scraping player index...
2026-03-14 13:12:38,695  WARNING  Attempt 1 failed for https://www.basketball-reference.com/players/a/: 403 Client Error: Forbidden for url: https://www.basketball-reference.com/players/a/
2026-03-14 13:22:25,908  INFO  Scraping player index...
2026-03-14 13:22:30,894  WARNING  Attempt 1 failed for https://www.basketball-reference.com/players/a/: 403 Client Error: Forbidden for url: https://www.basketball-reference.com/players/a/
2026-03-14 16:28:57,944  INFO  Loading player index...
2026-03-14 16:28:57,989  INFO  Scraping league pace...
2026-03-14 16:29:02,831  WARNING  Attempt 1 failed for https://www.basketball-reference.com/leagues/NBA_stats_per_poss.html: 403 Client Error: Forbidden for url: https://www.basketball-reference.com/leagues/NBA_stats_per_poss.html
2026-03-14 16:30:32,395  INFO  Loading player index...
2026-03-14 16:30:32,397  WARNING  League pace not available yet — skipping. Per-75 normalization will run later.
2026-03-14 16:30:32,408  INFO  Scraping Hall of Fame list...
2026-03-14 16:30:36,965  WARNING  Attempt 1 failed for https://www.basketball-reference.com/awards/hof.html: 403 Client Error: Forbidden for url: https://www.basketball-reference.com/awards/hof.html
2026-03-14 16:30:54,460  WARNING  Attempt 2 failed for https://www.basketball-reference.com/awards/hof.html: 403 Client Error: Forbidden for url: https://www.basketball-reference.com/awards/hof.html
2026-03-14 16:31:14,313  INFO  Loading player index...
2026-03-14 16:31:14,313  WARNING  League pace not available yet — skipping. Per-75 normalization will run later.
2026-03-14 16:31:14,313  INFO  Scraping Hall of Fame list...
